[21:29:03] [main/INFO]: Loading Minecraft 1.20.1 with Fabric Loader 0.16.3
[21:29:03] [ForkJoinPool-1-worker-2/WARN]: Mod sacks uses the version v1.2 which isn't compatible with Loader's extended semantic version format (Could not parse version number component 'v1'!), SemVer is recommended for reliably evaluating dependencies and prioritizing newer version
[21:29:03] [ForkJoinPool-1-worker-1/WARN]: The mod "youthief" contains invalid entries in its mod json:
- Unsupported root entry "entrypoint" at line 17 column 14
[21:29:03] [ForkJoinPool-1-worker-1/WARN]: Mod mr_nether_underoverworld uses the version 1.0.0a which isn't compatible with Loader's extended semantic version format (Could not parse version number component '0a'!), SemVer is recommended for reliably evaluating dependencies and prioritizing newer version
[21:29:04] [main/WARN]: Mod resolution failed
[21:29:04] [main/INFO]: Immediate reason: [HARD_DEP_NO_CANDIDATE deimos 1.20.1-1-fabric {depends fabricloader @ [>=0.16.9]}, ROOT_FORCELOAD_SINGLE deimos 1.20.1-1-fabric]
[21:29:04] [main/INFO]: Reason: [HARD_DEP deimos 1.20.1-1-fabric {depends fabricloader @ [>=0.16.9]}, HARD_DEP fabric-language-kotlin 1.13.0+kotlin.2.1.0 {depends fabricloader @ [>=0.16.9]}, HARD_DEP firearrows 13 {depends fabricloader @ [>=0.16.9]}, HARD_DEP yungscavebiomes 1.20.1-Fabric-2.0.0 {depends fabricloader @ [>=0.16.5]}]
[21:29:04] [main/INFO]: SERVER environment disabled: [fabric-renderer-api-v1, fabric-keybindings-v0, bhmenu, modmenu, mousetweaks, world-host, satin, fabric-screen-api-v1, fabric-renderer-indigo, highlighter, legendarytooltips, fabric-rendering-v0, fabric-sound-api-v1, fallingleaves, fabric-key-binding-api-v1, fabric-rendering-v1, prism, fabric-model-loading-api-v1, iris, itemborders, moreculling, immediatelyfast, fabric-client-tags-api-v1, enhancedblockentities, visuality, fabric-blockrenderlayer-v1, sodium, fabric-renderer-registries-v1, smoothswapping, wakes, badoptimizations, fabric-models-v0, explosiveenhancement, advancementplaques]
[21:29:04] [main/INFO]: Fix: add [], remove [], replace [[fabricloader 0.16.3] -> add:fabricloader 0.16.9 ([[0.16.9,∞)])]
[21:29:04] [main/ERROR]: Incompatible mods found!
net.fabricmc.loader.impl.FormattedException: Some of your mods are incompatible with the game or each other!
A potential solution has been determined, this may resolve your problem:
	 - Replace mod 'Fabric Loader' (fabricloader) 0.16.3 with version 0.16.9 or later.
More details:
	 - Mod 'Deimos' (deimos) 1.20.1-1-fabric requires version 0.16.9 or later of mod 'Fabric Loader' (fabricloader), but only the wrong version is present: 0.16.3!
	 - Mod 'Fabric Language Kotlin' (fabric-language-kotlin) 1.13.0+kotlin.2.1.0 requires version 0.16.9 or later of mod 'Fabric Loader' (fabricloader), but only the wrong version is present: 0.16.3!
	 - Mod 'Fire Arrows Ignite Fire' (firearrows) 13 requires version 0.16.9 or later of mod 'Fabric Loader' (fabricloader), but only the wrong version is present: 0.16.3!
	 - Mod 'YUNG's Cave Biomes' (yungscavebiomes) 1.20.1-Fabric-2.0.0 requires version 0.16.5 or later of mod 'Fabric Loader' (fabricloader), but only the wrong version is present: 0.16.3!
	at net.fabricmc.loader.impl.FormattedException.ofLocalized(FormattedException.java:51) ~[fabric-loader-0.16.3.jar:?]
	at net.fabricmc.loader.impl.FabricLoaderImpl.load(FabricLoaderImpl.java:196) ~[fabric-loader-0.16.3.jar:?]
	at net.fabricmc.loader.impl.launch.knot.Knot.init(Knot.java:146) ~[fabric-loader-0.16.3.jar:?]
	at net.fabricmc.loader.impl.launch.knot.Knot.launch(Knot.java:68) ~[fabric-loader-0.16.3.jar:?]
	at net.fabricmc.loader.impl.launch.knot.KnotServer.main(KnotServer.java:23) ~[fabric-loader-0.16.3.jar:?]
	at net.fabricmc.loader.impl.launch.server.FabricServerLauncher.main(FabricServerLauncher.java:69) ~[fabric-loader-0.16.3.jar:?]
	at net.fabricmc.installer.ServerLauncher.main(ServerLauncher.java:69) ~[fabric-server-launch.jar:1.0.1]
